<?xml version="1.0" encoding="UTF-8"?>
<!-- Generated by org.testng.reporters.JUnitXMLReporter -->
<testsuite ignored="0" hostname="LAPTOP-9E8U9QN4" failures="0" tests="1" name="Frameworknew1" time="0.151" errors="0" timestamp="2023-09-17T20:24:07 IST">
  <testcase classname="Autolearn.testcomponents.baseTest" name="@BeforeMethod launchApplication" time="0.012">
    <failure type="java.io.FileNotFoundException" message="C:\Users\dewas\OneDrive\Desktop\Automation Testing\AutolearndemoC:\Users\dewas\OneDrive\Desktop\Automation Testing\Autolearndemo\src\main\java\Autolearn\resources\GlobalData.properties (The filename, directory name, or volume label syntax is incorrect)">
      <![CDATA[java.io.FileNotFoundException: C:\Users\dewas\OneDrive\Desktop\Automation Testing\AutolearndemoC:\Users\dewas\OneDrive\Desktop\Automation Testing\Autolearndemo\src\main\java\Autolearn\resources\GlobalData.properties (The filename, directory name, or volume label syntax is incorrect)
at java.base/java.io.FileInputStream.open0(Native Method)
at java.base/java.io.FileInputStream.open(FileInputStream.java:216)
at java.base/java.io.FileInputStream.<init>(FileInputStream.java:157)
at java.base/java.io.FileInputStream.<init>(FileInputStream.java:111)
at Autolearn.testcomponents.baseTest.initializeDriver(baseTest.java:26)
at Autolearn.testcomponents.baseTest.launchApplication(baseTest.java:49)
at java.base/java.util.ArrayList.forEach(ArrayList.java:1511)
... Removed 31 stack frames]]>
    </failure>
  </testcase> <!-- @BeforeMethod launchApplication -->
  <testcase classname="Autolearn.testcomponents.baseTest" name="@AfterMethod teardown" time="0.0">
    <skipped/>
  </testcase> <!-- @AfterMethod teardown -->
  <testcase classname="Autolearn.tests.Frameworknew" name="Framework" time="0.0">
    <skipped/>
  </testcase> <!-- Framework -->
</testsuite> <!-- Frameworknew1 -->
